<?xml version="1.0" encoding="UTF-8"?>
<!-- Generated by org.testng.reporters.JUnitXMLReporter -->
<testsuite ignored="0" hostname="win2019" failures="0" tests="2" name="Default test" time="59.887" errors="0" timestamp="2024-09-09T19:27:52 PDT">
  <testcase classname="maven_irctc_project_1.Book_ticket_window_Automation" name="book_ticket" time="29.39"/>
  <testcase classname="maven_irctc_project_1.Book_ticket_window_Automation" name="pnr_status" time="30.333"/>
</testsuite> <!-- Default test -->
