<?xml version="1.0" encoding="UTF-8"?>
<testng-results ignored="0" total="2" passed="2" failed="0" skipped="0">
  <reporter-output>
  </reporter-output>
  <suite started-at="2024-09-09T19:26:52 PDT" name="Default suite" finished-at="2024-09-09T19:27:52 PDT" duration-ms="59887">
    <groups>
    </groups>
    <test started-at="2024-09-09T19:26:52 PDT" name="Default test" finished-at="2024-09-09T19:27:52 PDT" duration-ms="59887">
      <class name="maven_irctc_project_1.Book_ticket_window_Automation">
        <test-method signature="book_ticket()[pri:0, instance:maven_irctc_project_1.Book_ticket_window_Automation@6cce16f4]" started-at="2024-09-09T19:26:52 PDT" name="book_ticket" finished-at="2024-09-09T19:27:22 PDT" duration-ms="29390" status="PASS">
          <reporter-output>
          </reporter-output>
        </test-method> <!-- book_ticket -->
        <test-method signature="pnr_status()[pri:0, instance:maven_irctc_project_1.Book_ticket_window_Automation@6cce16f4]" started-at="2024-09-09T19:27:22 PDT" name="pnr_status" finished-at="2024-09-09T19:27:52 PDT" duration-ms="30333" status="PASS">
          <reporter-output>
          </reporter-output>
        </test-method> <!-- pnr_status -->
      </class> <!-- maven_irctc_project_1.Book_ticket_window_Automation -->
    </test> <!-- Default test -->
  </suite> <!-- Default suite -->
</testng-results>
